Release 14.7 - xst P.20131013 (nt)
Copyright (c) 1995-2013 Xilinx, Inc.  All rights reserved.
--> Parameter TMPDIR set to xst/projnav.tmp


Total REAL time to Xst completion: 1.00 secs
Total CPU time to Xst completion: 0.09 secs
 
--> Parameter xsthdpdir set to xst


Total REAL time to Xst completion: 1.00 secs
Total CPU time to Xst completion: 0.09 secs
 
--> Reading design: key_debounce.prj

TABLE OF CONTENTS
  1) Synthesis Options Summary
  2) HDL Parsing
  3) HDL Elaboration
  4) HDL Synthesis
       4.1) HDL Synthesis Report
  5) Advanced HDL Synthesis
       5.1) Advanced HDL Synthesis Report
  6) Low Level Synthesis
  7) Partition Report
  8) Design Summary
       8.1) Primitive and Black Box Usage
       8.2) Device utilization summary
       8.3) Partition Resource Summary
       8.4) Timing Report
            8.4.1) Clock Information
            8.4.2) Asynchronous Control Signals Information
            8.4.3) Timing Summary
            8.4.4) Timing Details
            8.4.5) Cross Clock Domains Report


=========================================================================
*                      Synthesis Options Summary                        *
=========================================================================
---- Source Parameters
Input File Name                    : "key_debounce.prj"
Ignore Synthesis Constraint File   : NO

---- Target Parameters
Output File Name                   : "key_debounce"
Output Format                      : NGC
Target Device                      : xc6slx9-2-tqg144

---- Source Options
Top Module Name                    : key_debounce
Automatic FSM Extraction           : YES
FSM Encoding Algorithm             : Auto
Safe Implementation                : No
FSM Style                          : LUT
RAM Extraction                     : Yes
RAM Style                          : Auto
ROM Extraction                     : Yes
Shift Register Extraction          : YES
ROM Style                          : Auto
Resource Sharing                   : YES
Asynchronous To Synchronous        : NO
Shift Register Minimum Size        : 2
Use DSP Block                      : Auto
Automatic Register Balancing       : No

---- Target Options
LUT Combining                      : Auto
Reduce Control Sets                : Auto
Add IO Buffers                     : YES
Global Maximum Fanout              : 100000
Add Generic Clock Buffer(BUFG)     : 16
Register Duplication               : YES
Optimize Instantiated Primitives   : NO
Use Clock Enable                   : Auto
Use Synchronous Set                : Auto
Use Synchronous Reset              : Auto
Pack IO Registers into IOBs        : Auto
Equivalent register Removal        : YES

---- General Options
Optimization Goal                  : Speed
Optimization Effort                : 1
Power Reduction                    : NO
Keep Hierarchy                     : No
Netlist Hierarchy                  : As_Optimized
RTL Output                         : Yes
Global Optimization                : AllClockNets
Read Cores                         : YES
Write Timing Constraints           : NO
Cross Clock Analysis               : NO
Hierarchy Separator                : /
Bus Delimiter                      : <>
Case Specifier                     : Maintain
Slice Utilization Ratio            : 100
BRAM Utilization Ratio             : 100
DSP48 Utilization Ratio            : 100
Auto BRAM Packing                  : NO
Slice Utilization Ratio Delta      : 5

=========================================================================


=========================================================================
*                          HDL Parsing                                  *
=========================================================================
Analyzing Verilog file "H:\fpga\First_lessons\12_keyshift_led\key_debounce\design\key_debounce.v" into library work
Parsing module <key_debounce>.

=========================================================================
*                            HDL Elaboration                            *
=========================================================================

Elaborating module <key_debounce>.

=========================================================================
*                           HDL Synthesis                               *
=========================================================================

Synthesizing Unit <key_debounce>.
    Related source file is "H:\fpga\First_lessons\12_keyshift_led\key_debounce\design\key_debounce.v".
    Found 1-bit register for signal <cnt_flag>.
    Found 1-bit register for signal <po_key_flag>.
    Found 18-bit register for signal <cnt>.
    Found 4-bit register for signal <led>.
    Found 18-bit adder for signal <cnt[17]_GND_1_o_add_2_OUT> created at line 29.
    Summary:
	inferred   1 Adder/Subtractor(s).
	inferred  24 D-type flip-flop(s).
	inferred   1 Multiplexer(s).
Unit <key_debounce> synthesized.

=========================================================================
HDL Synthesis Report

Macro Statistics
# Adders/Subtractors                                   : 1
 18-bit adder                                          : 1
# Registers                                            : 4
 1-bit register                                        : 2
 18-bit register                                       : 1
 4-bit register                                        : 1
# Multiplexers                                         : 1
 18-bit 2-to-1 multiplexer                             : 1

=========================================================================

=========================================================================
*                       Advanced HDL Synthesis                          *
=========================================================================


Synthesizing (advanced) Unit <key_debounce>.
The following registers are absorbed into counter <cnt>: 1 register on signal <cnt>.
Unit <key_debounce> synthesized (advanced).

=========================================================================
Advanced HDL Synthesis Report

Macro Statistics
# Counters                                             : 1
 18-bit up counter                                     : 1
# Registers                                            : 6
 Flip-Flops                                            : 6

=========================================================================

=========================================================================
*                         Low Level Synthesis                           *
=========================================================================

Optimizing unit <key_debounce> ...

Mapping all equations...
Building and optimizing final netlist ...
Found area constraint ratio of 100 (+ 5) on block key_debounce, actual ratio is 0.

Final Macro Processing ...

=========================================================================
Final Register Report

Macro Statistics
# Registers                                            : 24
 Flip-Flops                                            : 24

=========================================================================

=========================================================================
*                           Partition Report                            *
=========================================================================

Partition Implementation Status
-------------------------------

  No Partitions were found in this design.

-------------------------------

=========================================================================
*                            Design Summary                             *
=========================================================================

Top Level Output File Name         : key_debounce.ngc

Primitive and Black Box Usage:
------------------------------
# BELS                             : 61
#      GND                         : 1
#      INV                         : 2
#      LUT3                        : 18
#      LUT4                        : 1
#      LUT5                        : 1
#      LUT6                        : 3
#      MUXCY                       : 17
#      XORCY                       : 18
# FlipFlops/Latches                : 24
#      FDC                         : 20
#      FDCE                        : 3
#      FDPE                        : 1
# Clock Buffers                    : 1
#      BUFGP                       : 1
# IO Buffers                       : 6
#      IBUF                        : 2
#      OBUF                        : 4

Device utilization summary:
---------------------------

Selected Device : 6slx9tqg144-2 


Slice Logic Utilization: 
 Number of Slice Registers:              24  out of  11440     0%  
 Number of Slice LUTs:                   25  out of   5720     0%  
    Number used as Logic:                25  out of   5720     0%  

Slice Logic Distribution: 
 Number of LUT Flip Flop pairs used:     28
   Number with an unused Flip Flop:       4  out of     28    14%  
   Number with an unused LUT:             3  out of     28    10%  
   Number of fully used LUT-FF pairs:    21  out of     28    75%  
   Number of unique control sets:         2

IO Utilization: 
 Number of IOs:                           7
 Number of bonded IOBs:                   7  out of    102     6%  

Specific Feature Utilization:
 Number of BUFG/BUFGCTRLs:                1  out of     16     6%  

---------------------------
Partition Resource Summary:
---------------------------

  No Partitions were found in this design.

---------------------------


=========================================================================
Timing Report

NOTE: THESE TIMING NUMBERS ARE ONLY A SYNTHESIS ESTIMATE.
      FOR ACCURATE TIMING INFORMATION PLEASE REFER TO THE TRACE REPORT
      GENERATED AFTER PLACE-and-ROUTE.

Clock Information:
------------------
-----------------------------------+------------------------+-------+
Clock Signal                       | Clock buffer(FF name)  | Load  |
-----------------------------------+------------------------+-------+
sclk                               | BUFGP                  | 24    |
-----------------------------------+------------------------+-------+

Asynchronous Control Signals Information:
----------------------------------------
No asynchronous control signals found in this design

Timing Summary:
---------------
Speed Grade: -2

   Minimum period: 3.223ns (Maximum Frequency: 310.270MHz)
   Minimum input arrival time before clock: 4.224ns
   Maximum output required time after clock: 4.162ns
   Maximum combinational path delay: No path found

Timing Details:
---------------
All values displayed in nanoseconds (ns)

=========================================================================
Timing constraint: Default period analysis for Clock 'sclk'
  Clock period: 3.223ns (frequency: 310.270MHz)
  Total number of paths / destination ports: 217 / 28
-------------------------------------------------------------------------
Delay:               3.223ns (Levels of Logic = 2)
  Source:            cnt_4 (FF)
  Destination:       po_key_flag (FF)
  Source Clock:      sclk rising
  Destination Clock: sclk rising

  Data Path: cnt_4 to po_key_flag
                                Gate     Net
    Cell:in->out      fanout   Delay   Delay  Logical Name (Net Name)
    ----------------------------------------  ------------
     FDC:C->Q              2   0.525   1.181  cnt_4 (cnt_4)
     LUT6:I0->O            2   0.254   0.954  cnt_flag_PWR_1_o_MUX_20_o<17>2 (cnt_flag_PWR_1_o_MUX_20_o<17>1)
     LUT4:I1->O            1   0.235   0.000  GND_1_o_cnt_flag_AND_1_o1 (GND_1_o_cnt_flag_AND_1_o)
     FDC:D                     0.074          po_key_flag
    ----------------------------------------
    Total                      3.223ns (1.088ns logic, 2.135ns route)
                                       (33.8% logic, 66.2% route)

=========================================================================
Timing constraint: Default OFFSET IN BEFORE for Clock 'sclk'
  Total number of paths / destination ports: 214 / 43
-------------------------------------------------------------------------
Offset:              4.224ns (Levels of Logic = 20)
  Source:            key (PAD)
  Destination:       cnt_17 (FF)
  Destination Clock: sclk rising

  Data Path: key to cnt_17
                                Gate     Net
    Cell:in->out      fanout   Delay   Delay  Logical Name (Net Name)
    ----------------------------------------  ------------
     IBUF:I->O            20   1.328   1.285  key_IBUF (GND_1_o_GND_1_o_equal_2_o_inv)
     INV:I->O              1   0.255   0.681  GND_1_o_GND_1_o_equal_2_o_inv_inv1_INV_0 (GND_1_o_GND_1_o_equal_2_o_inv_inv)
     MUXCY:CI->O           1   0.023   0.000  Mcount_cnt_cy<0> (Mcount_cnt_cy<0>)
     MUXCY:CI->O           1   0.023   0.000  Mcount_cnt_cy<1> (Mcount_cnt_cy<1>)
     MUXCY:CI->O           1   0.023   0.000  Mcount_cnt_cy<2> (Mcount_cnt_cy<2>)
     MUXCY:CI->O           1   0.023   0.000  Mcount_cnt_cy<3> (Mcount_cnt_cy<3>)
     MUXCY:CI->O           1   0.023   0.000  Mcount_cnt_cy<4> (Mcount_cnt_cy<4>)
     MUXCY:CI->O           1   0.023   0.000  Mcount_cnt_cy<5> (Mcount_cnt_cy<5>)
     MUXCY:CI->O           1   0.023   0.000  Mcount_cnt_cy<6> (Mcount_cnt_cy<6>)
     MUXCY:CI->O           1   0.023   0.000  Mcount_cnt_cy<7> (Mcount_cnt_cy<7>)
     MUXCY:CI->O           1   0.023   0.000  Mcount_cnt_cy<8> (Mcount_cnt_cy<8>)
     MUXCY:CI->O           1   0.023   0.000  Mcount_cnt_cy<9> (Mcount_cnt_cy<9>)
     MUXCY:CI->O           1   0.023   0.000  Mcount_cnt_cy<10> (Mcount_cnt_cy<10>)
     MUXCY:CI->O           1   0.023   0.000  Mcount_cnt_cy<11> (Mcount_cnt_cy<11>)
     MUXCY:CI->O           1   0.023   0.000  Mcount_cnt_cy<12> (Mcount_cnt_cy<12>)
     MUXCY:CI->O           1   0.023   0.000  Mcount_cnt_cy<13> (Mcount_cnt_cy<13>)
     MUXCY:CI->O           1   0.023   0.000  Mcount_cnt_cy<14> (Mcount_cnt_cy<14>)
     MUXCY:CI->O           1   0.023   0.000  Mcount_cnt_cy<15> (Mcount_cnt_cy<15>)
     MUXCY:CI->O           0   0.023   0.000  Mcount_cnt_cy<16> (Mcount_cnt_cy<16>)
     XORCY:CI->O           1   0.206   0.000  Mcount_cnt_xor<17> (Mcount_cnt17)
     FDC:D                     0.074          cnt_17
    ----------------------------------------
    Total                      4.224ns (2.258ns logic, 1.966ns route)
                                       (53.5% logic, 46.5% route)

=========================================================================
Timing constraint: Default OFFSET OUT AFTER for Clock 'sclk'
  Total number of paths / destination ports: 4 / 4
-------------------------------------------------------------------------
Offset:              4.162ns (Levels of Logic = 1)
  Source:            shiftled_3 (FF)
  Destination:       led<3> (PAD)
  Source Clock:      sclk rising

  Data Path: shiftled_3 to led<3>
                                Gate     Net
    Cell:in->out      fanout   Delay   Delay  Logical Name (Net Name)
    ----------------------------------------  ------------
     FDCE:C->Q             2   0.525   0.725  shiftled_3 (shiftled_3)
     OBUF:I->O                 2.912          led_3_OBUF (led<3>)
    ----------------------------------------
    Total                      4.162ns (3.437ns logic, 0.725ns route)
                                       (82.6% logic, 17.4% route)

=========================================================================

Cross Clock Domains Report:
--------------------------

Clock to Setup on destination clock sclk
---------------+---------+---------+---------+---------+
               | Src:Rise| Src:Fall| Src:Rise| Src:Fall|
Source Clock   |Dest:Rise|Dest:Rise|Dest:Fall|Dest:Fall|
---------------+---------+---------+---------+---------+
sclk           |    3.223|         |         |         |
---------------+---------+---------+---------+---------+

=========================================================================


Total REAL time to Xst completion: 4.00 secs
Total CPU time to Xst completion: 3.46 secs
 
--> 

Total memory usage is 225912 kilobytes

Number of errors   :    0 (   0 filtered)
Number of warnings :    0 (   0 filtered)
Number of infos    :    0 (   0 filtered)

