--------------------------------------------------------------------------------
Release 14.7 Trace  (nt)
Copyright (c) 1995-2013 Xilinx, Inc.  All rights reserved.

H:\edatools\xilinxise\14.7\ISE_DS\ISE\bin\nt\unwrapped\trce.exe -intstyle ise
-v 3 -s 2 -n 3 -fastpaths -xml keyshiftled.twx keyshiftled.ncd -o
keyshiftled.twr keyshiftled.pcf -ucf topdownkey.ucf

Design file:              keyshiftled.ncd
Physical constraint file: keyshiftled.pcf
Device,package,speed:     xc6slx9,tqg144,C,-2 (PRODUCTION 1.23 2013-10-13)
Report level:             verbose report

Environment Variable      Effect 
--------------------      ------ 
NONE                      No environment variables were set
--------------------------------------------------------------------------------

INFO:Timing:2698 - No timing constraints found, doing default enumeration.
INFO:Timing:3412 - To improve timing, see the Timing Closure User Guide (UG612).
INFO:Timing:2752 - To get complete path coverage, use the unconstrained paths 
   option. All paths that are not constrained will be reported in the 
   unconstrained paths section(s) of the report.
INFO:Timing:3339 - The clock-to-out numbers in this timing report are based on 
   a 50 Ohm transmission line loading model.  For the details of this model, 
   and for more information on accounting for different loading conditions, 
   please see the device datasheet.



Data Sheet report:
-----------------
All values displayed in nanoseconds (ns)

Setup/Hold to clock clk
------------+------------+------------+------------+------------+------------------+--------+
            |Max Setup to|  Process   |Max Hold to |  Process   |                  | Clock  |
Source      | clk (edge) |   Corner   | clk (edge) |   Corner   |Internal Clock(s) | Phase  |
------------+------------+------------+------------+------------+------------------+--------+
key         |    1.807(R)|      SLOW  |    0.290(R)|      SLOW  |clk_BUFGP         |   0.000|
rst_n       |    1.264(R)|      SLOW  |    0.229(R)|      SLOW  |clk_BUFGP         |   0.000|
------------+------------+------------+------------+------------+------------------+--------+

Clock clk to Pad
------------+-----------------+------------+-----------------+------------+------------------+--------+
            |Max (slowest) clk|  Process   |Min (fastest) clk|  Process   |                  | Clock  |
Destination |  (edge) to PAD  |   Corner   |  (edge) to PAD  |   Corner   |Internal Clock(s) | Phase  |
------------+-----------------+------------+-----------------+------------+------------------+--------+
led<0>      |         9.809(R)|      SLOW  |         4.402(R)|      FAST  |clk_BUFGP         |   0.000|
led<1>      |         9.569(R)|      SLOW  |         4.263(R)|      FAST  |clk_BUFGP         |   0.000|
led<2>      |        12.115(R)|      SLOW  |         5.776(R)|      FAST  |clk_BUFGP         |   0.000|
led<3>      |        11.859(R)|      SLOW  |         5.580(R)|      FAST  |clk_BUFGP         |   0.000|
------------+-----------------+------------+-----------------+------------+------------------+--------+

Clock to Setup on destination clock clk
---------------+---------+---------+---------+---------+
               | Src:Rise| Src:Fall| Src:Rise| Src:Fall|
Source Clock   |Dest:Rise|Dest:Rise|Dest:Fall|Dest:Fall|
---------------+---------+---------+---------+---------+
clk            |    1.728|         |         |         |
---------------+---------+---------+---------+---------+


Analysis completed Sat Oct 28 17:53:15 2023 
--------------------------------------------------------------------------------

Trace Settings:
-------------------------
Trace Settings 

Peak Memory Usage: 167 MB



